#
# There is insufficient memory for the Java Runtime Environment to continue.
# Native memory allocation (malloc) failed to allocate 1813776 bytes for Chunk::new
# Possible reasons:
#   The system is out of physical RAM or swap space
#   The process is running with CompressedOops enabled, and the Java Heap may be blocking the growth of the native heap
# Possible solutions:
#   Reduce memory load on the system
#   Increase physical memory or swap space
#   Check if swap backing store is full
#   Decrease Java heap size (-Xmx/-Xms)
#   Decrease number of Java threads
#   Decrease Java thread stack sizes (-Xss)
#   Set larger code cache with -XX:ReservedCodeCacheSize=
#   JVM is running with Zero Based Compressed Oops mode in which the Java heap is
#     placed in the first 32GB address space. The Java Heap base address is the
#     maximum limit for the native heap growth. Please use -XX:HeapBaseMinAddress
#     to set the Java Heap base and to place the Java Heap above 32GB virtual address.
# This output file may be truncated or incomplete.
#
#  Out of Memory Error (arena.cpp:168), pid=28612, tid=29916
#
# JRE version: Java(TM) SE Runtime Environment (21.0.8+12) (build 21.0.8+12-LTS-250)
# Java VM: Java HotSpot(TM) 64-Bit Server VM (21.0.8+12-LTS-250, mixed mode, sharing, tiered, compressed oops, compressed class ptrs, g1 gc, windows-amd64)
# No core dump will be written. Minidumps are not enabled by default on client versions of Windows
#

---------------  S U M M A R Y ------------

Command Line: --add-opens=java.base/java.lang=ALL-UNNAMED --add-opens=java.base/java.lang.invoke=ALL-UNNAMED --add-opens=java.base/java.util=ALL-UNNAMED --add-opens=java.prefs/java.util.prefs=ALL-UNNAMED --add-exports=jdk.compiler/com.sun.tools.javac.api=ALL-UNNAMED --add-exports=jdk.compiler/com.sun.tools.javac.util=ALL-UNNAMED --add-opens=java.base/java.util=ALL-UNNAMED --add-opens=java.prefs/java.util.prefs=ALL-UNNAMED --add-opens=java.base/java.nio.charset=ALL-UNNAMED --add-opens=java.base/java.net=ALL-UNNAMED --add-opens=java.base/java.util.concurrent.atomic=ALL-UNNAMED --add-opens=java.xml/javax.xml.namespace=ALL-UNNAMED -XX:MaxMetaspaceSize=2G -XX:+HeapDumpOnOutOfMemoryError -Xmx4G -Dfile.encoding=UTF-8 -Duser.country=MX -Duser.language=es -Duser.variant -javaagent:C:\Users\Samuel Brambila\.gradle\wrapper\dists\gradle-8.12-all\ejduaidbjup3bmmkhw3rie4zb\gradle-8.12\lib\agents\gradle-instrumentation-agent-8.12.jar org.gradle.launcher.daemon.bootstrap.GradleDaemon 8.12

Host: Intel(R) Core(TM) i5-8259U CPU @ 2.30GHz, 8 cores, 7G,  Windows 10 , 64 bit Build 19041 (10.0.19041.5915)
Time: Thu Sep 11 02:59:18 2025 Hora estándar central (México) elapsed time: 11.714772 seconds (0d 0h 0m 11s)

---------------  T H R E A D  ---------------

Current thread (0x00000275db1aa2b0):  JavaThread "C2 CompilerThread0" daemon [_thread_in_native, id=29916, stack(0x00000090e2600000,0x00000090e2700000) (1024K)]


Current CompileTask:
C2:  11715 7546 %     4       org.objectweb.asm.ClassReader::readCode @ 92 (5117 bytes)

Stack: [0x00000090e2600000,0x00000090e2700000]
Native frames: (J=compiled Java code, j=interpreted, Vv=VM code, C=native code)
V  [jvm.dll+0x6cc179]
V  [jvm.dll+0x8584c1]
V  [jvm.dll+0x85a9ee]
V  [jvm.dll+0x85b0c3]
V  [jvm.dll+0x27ebf6]
V  [jvm.dll+0xc4f4d]
V  [jvm.dll+0xc5483]
V  [jvm.dll+0x3b6a82]
V  [jvm.dll+0x1e0363]
V  [jvm.dll+0x2477c2]
V  [jvm.dll+0x246c4f]
V  [jvm.dll+0x1c7a3e]
V  [jvm.dll+0x256359]
V  [jvm.dll+0x2548ea]
V  [jvm.dll+0x3efef6]
V  [jvm.dll+0x80279b]
V  [jvm.dll+0x6ca85d]
C  [ucrtbase.dll+0x21bb2]
C  [KERNEL32.DLL+0x17374]
C  [ntdll.dll+0x4cc91]


---------------  P R O C E S S  ---------------

Threads class SMR info:
_java_thread_list=0x00000275dbaa8250, length=41, elements={
0x00000275bbfe0cb0, 0x00000275db19cc40, 0x00000275db19dc00, 0x00000275db1a1a10,
0x00000275db1a36f0, 0x00000275db1a4a90, 0x00000275db1a9aa0, 0x00000275db1aa2b0,
0x00000275db1bce60, 0x00000275db3b77d0, 0x00000275db57d850, 0x000002762228a540,
0x0000027622347820, 0x0000027621f6b1d0, 0x0000027622286fd0, 0x00000276222bd020,
0x00000276222e18d0, 0x000002762233c2f0, 0x000002762231d720, 0x000002762238de50,
0x000002762238d130, 0x000002762238b060, 0x000002762238e4e0, 0x000002762238caa0,
0x000002762238b6f0, 0x000002762238bd80, 0x000002762238c410, 0x000002762238d7c0,
0x0000027622a3a780, 0x0000027622a3b4a0, 0x0000027622a3ae10, 0x0000027622a38d40,
0x0000027622a393d0, 0x0000027622a3d570, 0x0000027622a3c1c0, 0x0000027622a3fcd0,
0x0000027622a3f640, 0x0000027622a3c850, 0x0000027622a3e920, 0x0000027622a3cee0,
0x0000027622a3e290
}

Java Threads: ( => current thread )
  0x00000275bbfe0cb0 JavaThread "main"                              [_thread_blocked, id=4764, stack(0x00000090e1800000,0x00000090e1900000) (1024K)]
  0x00000275db19cc40 JavaThread "Reference Handler"          daemon [_thread_blocked, id=25376, stack(0x00000090e2000000,0x00000090e2100000) (1024K)]
  0x00000275db19dc00 JavaThread "Finalizer"                  daemon [_thread_blocked, id=30904, stack(0x00000090e2100000,0x00000090e2200000) (1024K)]
  0x00000275db1a1a10 JavaThread "Signal Dispatcher"          daemon [_thread_blocked, id=23612, stack(0x00000090e2200000,0x00000090e2300000) (1024K)]
  0x00000275db1a36f0 JavaThread "Attach Listener"            daemon [_thread_blocked, id=11812, stack(0x00000090e2300000,0x00000090e2400000) (1024K)]
  0x00000275db1a4a90 JavaThread "Service Thread"             daemon [_thread_blocked, id=27896, stack(0x00000090e2400000,0x00000090e2500000) (1024K)]
  0x00000275db1a9aa0 JavaThread "Monitor Deflation Thread"   daemon [_thread_blocked, id=29580, stack(0x00000090e2500000,0x00000090e2600000) (1024K)]
=>0x00000275db1aa2b0 JavaThread "C2 CompilerThread0"         daemon [_thread_in_native, id=29916, stack(0x00000090e2600000,0x00000090e2700000) (1024K)]
  0x00000275db1bce60 JavaThread "C1 CompilerThread0"         daemon [_thread_blocked, id=9076, stack(0x00000090e2700000,0x00000090e2800000) (1024K)]
  0x00000275db3b77d0 JavaThread "Common-Cleaner"             daemon [_thread_blocked, id=30868, stack(0x00000090e2800000,0x00000090e2900000) (1024K)]
  0x00000275db57d850 JavaThread "Notification Thread"        daemon [_thread_blocked, id=28320, stack(0x00000090e2900000,0x00000090e2a00000) (1024K)]
  0x000002762228a540 JavaThread "Daemon health stats"               [_thread_blocked, id=16744, stack(0x00000090e2e00000,0x00000090e2f00000) (1024K)]
  0x0000027622347820 JavaThread "Incoming local TCP Connector on port 50026"        [_thread_in_native, id=12156, stack(0x00000090e3200000,0x00000090e3300000) (1024K)]
  0x0000027621f6b1d0 JavaThread "Daemon periodic checks"            [_thread_blocked, id=13116, stack(0x00000090e3300000,0x00000090e3400000) (1024K)]
  0x0000027622286fd0 JavaThread "Daemon"                            [_thread_blocked, id=30132, stack(0x00000090e3400000,0x00000090e3500000) (1024K)]
  0x00000276222bd020 JavaThread "Handler for socket connection from /127.0.0.1:50026 to /127.0.0.1:50027"        [_thread_in_native, id=26872, stack(0x00000090e3500000,0x00000090e3600000) (1024K)]
  0x00000276222e18d0 JavaThread "Cancel handler"                    [_thread_blocked, id=27060, stack(0x00000090e3600000,0x00000090e3700000) (1024K)]
  0x000002762233c2f0 JavaThread "Daemon worker"                     [_thread_in_Java, id=10268, stack(0x00000090e3700000,0x00000090e3800000) (1024K)]
  0x000002762231d720 JavaThread "Asynchronous log dispatcher for DefaultDaemonConnection: socket connection from /127.0.0.1:50026 to /127.0.0.1:50027"        [_thread_blocked, id=24520, stack(0x00000090e3800000,0x00000090e3900000) (1024K)]
  0x000002762238de50 JavaThread "Stdin handler"                     [_thread_blocked, id=27992, stack(0x00000090e3900000,0x00000090e3a00000) (1024K)]
  0x000002762238d130 JavaThread "Daemon client event forwarder"        [_thread_blocked, id=11168, stack(0x00000090e3a00000,0x00000090e3b00000) (1024K)]
  0x000002762238b060 JavaThread "Cache worker for journal cache (C:\Users\Samuel Brambila\.gradle\caches\journal-1)"        [_thread_blocked, id=19276, stack(0x00000090e3b00000,0x00000090e3c00000) (1024K)]
  0x000002762238e4e0 JavaThread "File lock request listener"        [_thread_in_native, id=14912, stack(0x00000090e3c00000,0x00000090e3d00000) (1024K)]
  0x000002762238caa0 JavaThread "Cache worker for file hash cache (C:\Users\Samuel Brambila\.gradle\caches\8.12\fileHashes)"        [_thread_blocked, id=7004, stack(0x00000090e3d00000,0x00000090e3e00000) (1024K)]
  0x000002762238b6f0 JavaThread "Cache worker for file hash cache (C:\Users\Samuel Brambila\Desktop\Archivos UDG\Proyecto Modular\LexIA\flutter_app\android\.gradle\8.12\fileHashes)"        [_thread_blocked, id=19536, stack(0x00000090e3f00000,0x00000090e4000000) (1024K)]
  0x000002762238bd80 JavaThread "Cache worker for Build Output Cleanup Cache (C:\Users\Samuel Brambila\Desktop\Archivos UDG\Proyecto Modular\LexIA\flutter_app\android\.gradle\buildOutputCleanup)"        [_thread_blocked, id=29776, stack(0x00000090e4000000,0x00000090e4100000) (1024K)]
  0x000002762238c410 JavaThread "File watcher server"        daemon [_thread_in_native, id=31672, stack(0x00000090e4100000,0x00000090e4200000) (1024K)]
  0x000002762238d7c0 JavaThread "File watcher consumer"      daemon [_thread_blocked, id=29632, stack(0x00000090e4200000,0x00000090e4300000) (1024K)]
  0x0000027622a3a780 JavaThread "jar transforms"                    [_thread_blocked, id=25616, stack(0x00000090e4300000,0x00000090e4400000) (1024K)]
  0x0000027622a3b4a0 JavaThread "jar transforms Thread 2"           [_thread_blocked, id=26304, stack(0x00000090e4400000,0x00000090e4500000) (1024K)]
  0x0000027622a3ae10 JavaThread "jar transforms Thread 3"           [_thread_blocked, id=31076, stack(0x00000090e4500000,0x00000090e4600000) (1024K)]
  0x0000027622a38d40 JavaThread "jar transforms Thread 4"           [_thread_blocked, id=6496, stack(0x00000090e4600000,0x00000090e4700000) (1024K)]
  0x0000027622a393d0 JavaThread "jar transforms Thread 5"           [_thread_blocked, id=30128, stack(0x00000090e4700000,0x00000090e4800000) (1024K)]
  0x0000027622a3d570 JavaThread "Cache worker for checksums cache (C:\Users\Samuel Brambila\Desktop\Archivos UDG\Proyecto Modular\LexIA\flutter_app\android\.gradle\8.12\checksums)"        [_thread_blocked, id=31572, stack(0x00000090e4800000,0x00000090e4900000) (1024K)]
  0x0000027622a3c1c0 JavaThread "Cache worker for file content cache (C:\Users\Samuel Brambila\.gradle\caches\8.12\fileContent)"        [_thread_blocked, id=15700, stack(0x00000090e4900000,0x00000090e4a00000) (1024K)]
  0x0000027622a3fcd0 JavaThread "jar transforms Thread 6"           [_thread_blocked, id=24960, stack(0x00000090e4a00000,0x00000090e4b00000) (1024K)]
  0x0000027622a3f640 JavaThread "jar transforms Thread 7"           [_thread_blocked, id=30048, stack(0x00000090e4b00000,0x00000090e4c00000) (1024K)]
  0x0000027622a3c850 JavaThread "jar transforms Thread 8"           [_thread_blocked, id=28856, stack(0x00000090e4c00000,0x00000090e4d00000) (1024K)]
  0x0000027622a3e920 JavaThread "Cache worker for cache directory md-rule (C:\Users\Samuel Brambila\.gradle\caches\8.12\md-rule)"        [_thread_blocked, id=28304, stack(0x00000090e4d00000,0x00000090e4e00000) (1024K)]
  0x0000027622a3cee0 JavaThread "Cache worker for cache directory md-supplier (C:\Users\Samuel Brambila\.gradle\caches\8.12\md-supplier)"        [_thread_blocked, id=27488, stack(0x00000090e4e00000,0x00000090e4f00000) (1024K)]
  0x0000027622a3e290 JavaThread "Cache worker for Build Output Cleanup Cache (C:\flutter\packages\flutter_tools\gradle\.gradle\buildOutputCleanup)"        [_thread_blocked, id=30484, stack(0x00000090e4f00000,0x00000090e5000000) (1024K)]
Total: 41

Other Threads:
  0x00000275db1855c0 VMThread "VM Thread"                           [id=29372, stack(0x00000090e1f00000,0x00000090e2000000) (1024K)]
  0x00000275db1713b0 WatcherThread "VM Periodic Task Thread"        [id=29488, stack(0x00000090e1e00000,0x00000090e1f00000) (1024K)]
  0x00000275bc04a480 WorkerThread "GC Thread#0"                     [id=27260, stack(0x00000090e1900000,0x00000090e1a00000) (1024K)]
  0x00000275db7d84d0 WorkerThread "GC Thread#1"                     [id=2304, stack(0x00000090e2a00000,0x00000090e2b00000) (1024K)]
  0x00000275db7d8870 WorkerThread "GC Thread#2"                     [id=6240, stack(0x00000090e2b00000,0x00000090e2c00000) (1024K)]
  0x00000275db7d8c10 WorkerThread "GC Thread#3"                     [id=29136, stack(0x00000090e2c00000,0x00000090e2d00000) (1024K)]
  0x000002762111a4a0 WorkerThread "GC Thread#4"                     [id=2500, stack(0x00000090e2d00000,0x00000090e2e00000) (1024K)]
  0x0000027621292520 WorkerThread "GC Thread#5"                     [id=9456, stack(0x00000090e2f00000,0x00000090e3000000) (1024K)]
  0x00000276212928c0 WorkerThread "GC Thread#6"                     [id=19868, stack(0x00000090e3000000,0x00000090e3100000) (1024K)]
  0x0000027621292c60 WorkerThread "GC Thread#7"                     [id=2696, stack(0x00000090e3100000,0x00000090e3200000) (1024K)]
  0x00000275b9f0dfe0 ConcurrentGCThread "G1 Main Marker"            [id=25256, stack(0x00000090e1a00000,0x00000090e1b00000) (1024K)]
  0x00000275bc058780 WorkerThread "G1 Conc#0"                       [id=29456, stack(0x00000090e1b00000,0x00000090e1c00000) (1024K)]
  0x000002762250f6b0 WorkerThread "G1 Conc#1"                       [id=20204, stack(0x00000090e3e00000,0x00000090e3f00000) (1024K)]
  0x00000275bc0ae580 ConcurrentGCThread "G1 Refine#0"               [id=27884, stack(0x00000090e1c00000,0x00000090e1d00000) (1024K)]
  0x00000275db045230 ConcurrentGCThread "G1 Service"                [id=22744, stack(0x00000090e1d00000,0x00000090e1e00000) (1024K)]
Total: 15

Threads with active compile tasks:
C2 CompilerThread0    11756 7546 %     4       org.objectweb.asm.ClassReader::readCode @ 92 (5117 bytes)
Total: 1

VM state: not at safepoint (normal execution)

VM Mutex/Monitor currently owned by a thread: None

Heap address: 0x0000000700000000, size: 4096 MB, Compressed Oops mode: Zero based, Oop shift amount: 3

CDS archive(s) mapped at: [0x00000275dc000000-0x00000275dcc90000-0x00000275dcc90000), size 13172736, SharedBaseAddress: 0x00000275dc000000, ArchiveRelocationMode: 1.
Compressed class space mapped at: 0x00000275dd000000-0x000002761d000000, reserved size: 1073741824
Narrow klass base: 0x00000275dc000000, Narrow klass shift: 0, Narrow klass range: 0x100000000

GC Precious Log:
 CardTable entry size: 512
 Card Set container configuration: InlinePtr #cards 4 size 8 Array Of Cards #cards 16 size 48 Howl #buckets 8 coarsen threshold 3686 Howl Bitmap #cards 512 size 80 coarsen threshold 460 Card regions per heap region 1 cards per card region 4096
 CPUs: 8 total, 8 available
 Memory: 8038M
 Large Page Support: Disabled
 NUMA Support: Disabled
 Compressed Oops: Enabled (Zero based)
 Heap Region Size: 2M
 Heap Min Capacity: 8M
 Heap Initial Capacity: 126M
 Heap Max Capacity: 4G
 Pre-touch: Disabled
 Parallel Workers: 8
 Concurrent Workers: 2
 Concurrent Refinement Workers: 8
 Periodic GC: Disabled

Heap:
 garbage-first heap   total 118784K, used 98376K [0x0000000700000000, 0x0000000800000000)
  region size 2048K, 24 young (49152K), 2 survivors (4096K)
 Metaspace       used 52135K, committed 53760K, reserved 1114112K
  class space    used 7073K, committed 7872K, reserved 1048576K

Heap Regions: E=young(eden), S=young(survivor), O=old, HS=humongous(starts), HC=humongous(continues), CS=collection set, F=free, TAMS=top-at-mark-start, PB=parsable bottom
|   0|0x0000000700000000, 0x0000000700200000, 0x0000000700200000|100%|HS|  |TAMS 0x0000000700000000| PB 0x0000000700000000| Complete 
|   1|0x0000000700200000, 0x0000000700400000, 0x0000000700400000|100%|HC|  |TAMS 0x0000000700200000| PB 0x0000000700200000| Complete 
|   2|0x0000000700400000, 0x0000000700600000, 0x0000000700600000|100%| O|  |TAMS 0x0000000700400000| PB 0x0000000700400000| Untracked 
|   3|0x0000000700600000, 0x0000000700800000, 0x0000000700800000|100%| O|  |TAMS 0x0000000700600000| PB 0x0000000700600000| Untracked 
|   4|0x0000000700800000, 0x0000000700a00000, 0x0000000700a00000|100%| O|  |TAMS 0x0000000700800000| PB 0x0000000700800000| Untracked 
|   5|0x0000000700a00000, 0x0000000700c00000, 0x0000000700c00000|100%| O|  |TAMS 0x0000000700a00000| PB 0x0000000700a00000| Untracked 
|   6|0x0000000700c00000, 0x0000000700e00000, 0x0000000700e00000|100%| O|  |TAMS 0x0000000700c00000| PB 0x0000000700c00000| Untracked 
|   7|0x0000000700e00000, 0x0000000701000000, 0x0000000701000000|100%| O|  |TAMS 0x0000000700e00000| PB 0x0000000700e00000| Untracked 
|   8|0x0000000701000000, 0x0000000701200000, 0x0000000701200000|100%| O|  |TAMS 0x0000000701000000| PB 0x0000000701000000| Untracked 
|   9|0x0000000701200000, 0x0000000701400000, 0x0000000701400000|100%| O|  |TAMS 0x0000000701200000| PB 0x0000000701200000| Untracked 
|  10|0x0000000701400000, 0x0000000701600000, 0x0000000701600000|100%| O|  |TAMS 0x0000000701400000| PB 0x0000000701400000| Untracked 
|  11|0x0000000701600000, 0x0000000701800000, 0x0000000701800000|100%| O|  |TAMS 0x0000000701600000| PB 0x0000000701600000| Untracked 
|  12|0x0000000701800000, 0x0000000701a00000, 0x0000000701a00000|100%| O|  |TAMS 0x0000000701800000| PB 0x0000000701800000| Untracked 
|  13|0x0000000701a00000, 0x0000000701c00000, 0x0000000701c00000|100%| O|  |TAMS 0x0000000701a00000| PB 0x0000000701a00000| Untracked 
|  14|0x0000000701c00000, 0x0000000701e00000, 0x0000000701e00000|100%| O|  |TAMS 0x0000000701c00000| PB 0x0000000701c00000| Untracked 
|  15|0x0000000701e00000, 0x0000000702000000, 0x0000000702000000|100%| O|  |TAMS 0x0000000701e00000| PB 0x0000000701e00000| Untracked 
|  16|0x0000000702000000, 0x0000000702200000, 0x0000000702200000|100%| O|  |TAMS 0x0000000702000000| PB 0x0000000702000000| Untracked 
|  17|0x0000000702200000, 0x0000000702400000, 0x0000000702400000|100%| O|  |TAMS 0x0000000702200000| PB 0x0000000702200000| Untracked 
|  18|0x0000000702400000, 0x0000000702600000, 0x0000000702600000|100%| O|  |TAMS 0x0000000702400000| PB 0x0000000702400000| Untracked 
|  19|0x0000000702600000, 0x0000000702800000, 0x0000000702800000|100%| O|  |TAMS 0x0000000702600000| PB 0x0000000702600000| Untracked 
|  20|0x0000000702800000, 0x0000000702a00000, 0x0000000702a00000|100%| O|  |TAMS 0x0000000702800000| PB 0x0000000702800000| Untracked 
|  21|0x0000000702a00000, 0x0000000702aea780, 0x0000000702c00000| 45%| O|  |TAMS 0x0000000702a00000| PB 0x0000000702a00000| Untracked 
|  22|0x0000000702c00000, 0x0000000702e00000, 0x0000000702e00000|100%| O|  |TAMS 0x0000000702c00000| PB 0x0000000702c00000| Untracked 
|  23|0x0000000702e00000, 0x0000000703000000, 0x0000000703000000|100%| O|  |TAMS 0x0000000702e00000| PB 0x0000000702e00000| Untracked 
|  24|0x0000000703000000, 0x0000000703200000, 0x0000000703200000|100%| O|  |TAMS 0x0000000703000000| PB 0x0000000703000000| Untracked 
|  25|0x0000000703200000, 0x0000000703400000, 0x0000000703400000|100%| O|  |TAMS 0x0000000703200000| PB 0x0000000703200000| Untracked 
|  26|0x0000000703400000, 0x0000000703400000, 0x0000000703600000|  0%| F|  |TAMS 0x0000000703400000| PB 0x0000000703400000| Untracked 
|  27|0x0000000703600000, 0x0000000703600000, 0x0000000703800000|  0%| F|  |TAMS 0x0000000703600000| PB 0x0000000703600000| Untracked 
|  28|0x0000000703800000, 0x0000000703800000, 0x0000000703a00000|  0%| F|  |TAMS 0x0000000703800000| PB 0x0000000703800000| Untracked 
|  29|0x0000000703a00000, 0x0000000703a00000, 0x0000000703c00000|  0%| F|  |TAMS 0x0000000703a00000| PB 0x0000000703a00000| Untracked 
|  30|0x0000000703c00000, 0x0000000703d27a40, 0x0000000703e00000| 57%| S|CS|TAMS 0x0000000703c00000| PB 0x0000000703c00000| Complete 
|  31|0x0000000703e00000, 0x0000000703e00000, 0x0000000704000000|  0%| F|  |TAMS 0x0000000703e00000| PB 0x0000000703e00000| Untracked 
|  32|0x0000000704000000, 0x0000000704200000, 0x0000000704200000|100%| S|CS|TAMS 0x0000000704000000| PB 0x0000000704000000| Complete 
|  33|0x0000000704200000, 0x0000000704200000, 0x0000000704400000|  0%| F|  |TAMS 0x0000000704200000| PB 0x0000000704200000| Untracked 
|  34|0x0000000704400000, 0x0000000704400000, 0x0000000704600000|  0%| F|  |TAMS 0x0000000704400000| PB 0x0000000704400000| Untracked 
|  35|0x0000000704600000, 0x0000000704600000, 0x0000000704800000|  0%| F|  |TAMS 0x0000000704600000| PB 0x0000000704600000| Untracked 
|  36|0x0000000704800000, 0x00000007048f2e50, 0x0000000704a00000| 47%| E|  |TAMS 0x0000000704800000| PB 0x0000000704800000| Complete 
|  37|0x0000000704a00000, 0x0000000704c00000, 0x0000000704c00000|100%| E|CS|TAMS 0x0000000704a00000| PB 0x0000000704a00000| Complete 
|  38|0x0000000704c00000, 0x0000000704e00000, 0x0000000704e00000|100%| E|CS|TAMS 0x0000000704c00000| PB 0x0000000704c00000| Complete 
|  39|0x0000000704e00000, 0x0000000705000000, 0x0000000705000000|100%| E|CS|TAMS 0x0000000704e00000| PB 0x0000000704e00000| Complete 
|  40|0x0000000705000000, 0x0000000705200000, 0x0000000705200000|100%| E|CS|TAMS 0x0000000705000000| PB 0x0000000705000000| Complete 
|  41|0x0000000705200000, 0x0000000705400000, 0x0000000705400000|100%| E|CS|TAMS 0x0000000705200000| PB 0x0000000705200000| Complete 
|  42|0x0000000705400000, 0x0000000705600000, 0x0000000705600000|100%| E|CS|TAMS 0x0000000705400000| PB 0x0000000705400000| Complete 
|  43|0x0000000705600000, 0x0000000705800000, 0x0000000705800000|100%| E|CS|TAMS 0x0000000705600000| PB 0x0000000705600000| Complete 
|  44|0x0000000705800000, 0x0000000705a00000, 0x0000000705a00000|100%| E|CS|TAMS 0x0000000705800000| PB 0x0000000705800000| Complete 
|  45|0x0000000705a00000, 0x0000000705c00000, 0x0000000705c00000|100%| E|CS|TAMS 0x0000000705a00000| PB 0x0000000705a00000| Complete 
|  46|0x0000000705c00000, 0x0000000705e00000, 0x0000000705e00000|100%| E|CS|TAMS 0x0000000705c00000| PB 0x0000000705c00000| Complete 
|  47|0x0000000705e00000, 0x0000000706000000, 0x0000000706000000|100%| E|CS|TAMS 0x0000000705e00000| PB 0x0000000705e00000| Complete 
|  48|0x0000000706000000, 0x0000000706200000, 0x0000000706200000|100%| E|CS|TAMS 0x0000000706000000| PB 0x0000000706000000| Complete 
|  49|0x0000000706200000, 0x0000000706400000, 0x0000000706400000|100%| E|CS|TAMS 0x0000000706200000| PB 0x0000000706200000| Complete 
|  50|0x0000000706400000, 0x0000000706600000, 0x0000000706600000|100%| E|CS|TAMS 0x0000000706400000| PB 0x0000000706400000| Complete 
|  51|0x0000000706600000, 0x0000000706800000, 0x0000000706800000|100%| E|CS|TAMS 0x0000000706600000| PB 0x0000000706600000| Complete 
|  52|0x0000000706800000, 0x0000000706a00000, 0x0000000706a00000|100%| E|CS|TAMS 0x0000000706800000| PB 0x0000000706800000| Complete 
|  53|0x0000000706a00000, 0x0000000706c00000, 0x0000000706c00000|100%| E|CS|TAMS 0x0000000706a00000| PB 0x0000000706a00000| Complete 
|  54|0x0000000706c00000, 0x0000000706e00000, 0x0000000706e00000|100%| E|CS|TAMS 0x0000000706c00000| PB 0x0000000706c00000| Complete 
|  55|0x0000000706e00000, 0x0000000707000000, 0x0000000707000000|100%| E|CS|TAMS 0x0000000706e00000| PB 0x0000000706e00000| Complete 
|  56|0x0000000707000000, 0x0000000707200000, 0x0000000707200000|100%| E|CS|TAMS 0x0000000707000000| PB 0x0000000707000000| Complete 
|  62|0x0000000707c00000, 0x0000000707e00000, 0x0000000707e00000|100%| E|CS|TAMS 0x0000000707c00000| PB 0x0000000707c00000| Complete 

Card table byte_map: [0x00000275d3fb0000,0x00000275d47b0000] _byte_map_base: 0x00000275d07b0000

Marking Bits: (CMBitMap*) 0x00000275bc04baa0
 Bits: [0x00000275d47b0000, 0x00000275d87b0000)

Polling page: 0x00000275b9fa0000

Metaspace:

Usage:
  Non-class:     44.01 MB used.
      Class:      6.91 MB used.
       Both:     50.91 MB used.

Virtual space:
  Non-class space:       64.00 MB reserved,      44.81 MB ( 70%) committed,  1 nodes.
      Class space:        1.00 GB reserved,       7.69 MB ( <1%) committed,  1 nodes.
             Both:        1.06 GB reserved,      52.50 MB (  5%) committed. 

Chunk freelists:
   Non-Class:  2.36 MB
       Class:  8.16 MB
        Both:  10.52 MB

MaxMetaspaceSize: 2.00 GB
CompressedClassSpaceSize: 1.00 GB
Initial GC threshold: 21.00 MB
Current GC threshold: 59.19 MB
CDS: on
 - commit_granule_bytes: 65536.
 - commit_granule_words: 8192.
 - virtual_space_node_default_size: 8388608.
 - enlarge_chunks_in_place: 1.
 - use_allocation_guard: 0.


Internal statistics:

num_allocs_failed_limit: 6.
num_arena_births: 2664.
num_arena_deaths: 0.
num_vsnodes_births: 2.
num_vsnodes_deaths: 0.
num_space_committed: 840.
num_space_uncommitted: 0.
num_chunks_returned_to_freelist: 6.
num_chunks_taken_from_freelist: 4953.
num_chunk_merges: 6.
num_chunk_splits: 3246.
num_chunks_enlarged: 2044.
num_inconsistent_stats: 0.

CodeHeap 'non-profiled nmethods': size=120000Kb used=3494Kb max_used=3494Kb free=116505Kb
 bounds [0x00000275cbf50000, 0x00000275cc2c0000, 0x00000275d3480000]
CodeHeap 'profiled nmethods': size=120000Kb used=14162Kb max_used=14162Kb free=105837Kb
 bounds [0x00000275c4480000, 0x00000275c5260000, 0x00000275cb9b0000]
CodeHeap 'non-nmethods': size=5760Kb used=2739Kb max_used=2772Kb free=3020Kb
 bounds [0x00000275cb9b0000, 0x00000275cbc80000, 0x00000275cbf50000]
 total_blobs=8061 nmethods=7191 adapters=774
 compilation: enabled
              stopped_count=0, restarted_count=0
 full_count=0

Compilation events (20 events):
Event: 11.666 Thread 0x00000275db1bce60 7679 %     3       org.objectweb.asm.ByteVector::putUTF8 @ 76 (144 bytes)
Event: 11.667 Thread 0x00000275db1bce60 nmethod 7679% 0x00000275c5246910 code [0x00000275c5246ba0, 0x00000275c5247788]
Event: 11.667 Thread 0x00000275db1bce60 7680       3       org.objectweb.asm.ClassReader::readUtf (161 bytes)
Event: 11.667 Thread 0x00000275db1bce60 nmethod 7680 0x00000275c5247d10 code [0x00000275c5247f00, 0x00000275c5248360]
Event: 11.667 Thread 0x00000275db1bce60 7681       3       org.objectweb.asm.ByteVector::putUTF8 (144 bytes)
Event: 11.668 Thread 0x00000275db1bce60 nmethod 7681 0x00000275c5248610 code [0x00000275c5248880, 0x00000275c5249348]
Event: 11.687 Thread 0x00000275db1bce60 7686       3       org.apache.commons.compress.archivers.zip.ZipArchiveOutputStream::getEffectiveZip64Mode (49 bytes)
Event: 11.688 Thread 0x00000275db1bce60 nmethod 7686 0x00000275c5249810 code [0x00000275c52499e0, 0x00000275c5249d68]
Event: 11.689 Thread 0x00000275db1bce60 7687   !   3       java.nio.charset.CharsetEncoder::canEncode (133 bytes)
Event: 11.691 Thread 0x00000275db1bce60 nmethod 7687 0x00000275c5249e10 code [0x00000275c524a160, 0x00000275c524bde0]
Event: 11.691 Thread 0x00000275db1bce60 7688       3       java.nio.charset.CharsetEncoder::encode (152 bytes)
Event: 11.692 Thread 0x00000275db1bce60 nmethod 7688 0x00000275c524c510 code [0x00000275c524c800, 0x00000275c524d8c0]
Event: 11.692 Thread 0x00000275db1bce60 7689       3       org.apache.commons.compress.archivers.zip.ZipArchiveEntry::getTime (38 bytes)
Event: 11.692 Thread 0x00000275db1bce60 nmethod 7689 0x00000275c524de10 code [0x00000275c524e000, 0x00000275c524e320]
Event: 11.693 Thread 0x00000275db1bce60 7690       3       org.apache.commons.compress.archivers.zip.ZipUtil::javaToDosTime (74 bytes)
Event: 11.693 Thread 0x00000275db1bce60 nmethod 7690 0x00000275c524e410 code [0x00000275c524e6a0, 0x00000275c524f218]
Event: 11.699 Thread 0x00000275db1bce60 7693       3       org.objectweb.asm.commons.Remapper::mapTypes (61 bytes)
Event: 11.700 Thread 0x00000275db1bce60 nmethod 7693 0x00000275c524f690 code [0x00000275c524f8c0, 0x00000275c5250150]
Event: 11.708 Thread 0x00000275db1bce60 7695       1       java.nio.HeapByteBuffer::isDirect (2 bytes)
Event: 11.708 Thread 0x00000275db1bce60 nmethod 7695 0x00000275cc2b9810 code [0x00000275cc2b99a0, 0x00000275cc2b9a68]

GC Heap History (20 events):
Event: 6.088 GC heap before
{Heap before GC invocations=8 (full 0):
 garbage-first heap   total 96256K, used 69132K [0x0000000700000000, 0x0000000800000000)
  region size 2048K, 23 young (47104K), 4 survivors (8192K)
 Metaspace       used 35221K, committed 36160K, reserved 1114112K
  class space    used 5029K, committed 5504K, reserved 1048576K
}
Event: 6.094 GC heap after
{Heap after GC invocations=9 (full 0):
 garbage-first heap   total 96256K, used 33976K [0x0000000700000000, 0x0000000800000000)
  region size 2048K, 3 young (6144K), 3 survivors (6144K)
 Metaspace       used 35221K, committed 36160K, reserved 1114112K
  class space    used 5029K, committed 5504K, reserved 1048576K
}
Event: 7.538 GC heap before
{Heap before GC invocations=10 (full 0):
 garbage-first heap   total 96256K, used 81080K [0x0000000700000000, 0x0000000800000000)
  region size 2048K, 26 young (53248K), 3 survivors (6144K)
 Metaspace       used 42822K, committed 43968K, reserved 1114112K
  class space    used 5957K, committed 6528K, reserved 1048576K
}
Event: 7.545 GC heap after
{Heap after GC invocations=11 (full 0):
 garbage-first heap   total 96256K, used 39145K [0x0000000700000000, 0x0000000800000000)
  region size 2048K, 4 young (8192K), 4 survivors (8192K)
 Metaspace       used 42822K, committed 43968K, reserved 1114112K
  class space    used 5957K, committed 6528K, reserved 1048576K
}
Event: 7.818 GC heap before
{Heap before GC invocations=11 (full 0):
 garbage-first heap   total 96256K, used 82153K [0x0000000700000000, 0x0000000800000000)
  region size 2048K, 24 young (49152K), 4 survivors (8192K)
 Metaspace       used 43783K, committed 44864K, reserved 1114112K
  class space    used 5997K, committed 6528K, reserved 1048576K
}
Event: 7.825 GC heap after
{Heap after GC invocations=12 (full 0):
 garbage-first heap   total 98304K, used 42008K [0x0000000700000000, 0x0000000800000000)
  region size 2048K, 2 young (4096K), 2 survivors (4096K)
 Metaspace       used 43783K, committed 44864K, reserved 1114112K
  class space    used 5997K, committed 6528K, reserved 1048576K
}
Event: 7.999 GC heap before
{Heap before GC invocations=12 (full 0):
 garbage-first heap   total 98304K, used 85016K [0x0000000700000000, 0x0000000800000000)
  region size 2048K, 23 young (47104K), 2 survivors (4096K)
 Metaspace       used 43786K, committed 44864K, reserved 1114112K
  class space    used 5997K, committed 6528K, reserved 1048576K
}
Event: 8.003 GC heap after
{Heap after GC invocations=13 (full 0):
 garbage-first heap   total 98304K, used 44520K [0x0000000700000000, 0x0000000800000000)
  region size 2048K, 2 young (4096K), 2 survivors (4096K)
 Metaspace       used 43786K, committed 44864K, reserved 1114112K
  class space    used 5997K, committed 6528K, reserved 1048576K
}
Event: 8.271 GC heap before
{Heap before GC invocations=13 (full 0):
 garbage-first heap   total 98304K, used 85480K [0x0000000700000000, 0x0000000800000000)
  region size 2048K, 22 young (45056K), 2 survivors (4096K)
 Metaspace       used 43792K, committed 44864K, reserved 1114112K
  class space    used 5997K, committed 6528K, reserved 1048576K
}
Event: 8.276 GC heap after
{Heap after GC invocations=14 (full 0):
 garbage-first heap   total 118784K, used 47113K [0x0000000700000000, 0x0000000800000000)
  region size 2048K, 3 young (6144K), 3 survivors (6144K)
 Metaspace       used 43792K, committed 44864K, reserved 1114112K
  class space    used 5997K, committed 6528K, reserved 1048576K
}
Event: 9.140 GC heap before
{Heap before GC invocations=14 (full 0):
 garbage-first heap   total 118784K, used 102409K [0x0000000700000000, 0x0000000800000000)
  region size 2048K, 30 young (61440K), 3 survivors (6144K)
 Metaspace       used 44463K, committed 45568K, reserved 1114112K
  class space    used 6043K, committed 6592K, reserved 1048576K
}
Event: 9.146 GC heap after
{Heap after GC invocations=15 (full 0):
 garbage-first heap   total 118784K, used 49312K [0x0000000700000000, 0x0000000800000000)
  region size 2048K, 3 young (6144K), 3 survivors (6144K)
 Metaspace       used 44463K, committed 45568K, reserved 1114112K
  class space    used 6043K, committed 6592K, reserved 1048576K
}
Event: 10.361 GC heap before
{Heap before GC invocations=15 (full 0):
 garbage-first heap   total 118784K, used 102560K [0x0000000700000000, 0x0000000800000000)
  region size 2048K, 29 young (59392K), 3 survivors (6144K)
 Metaspace       used 47181K, committed 48512K, reserved 1114112K
  class space    used 6453K, committed 7104K, reserved 1048576K
}
Event: 10.368 GC heap after
{Heap after GC invocations=16 (full 0):
 garbage-first heap   total 118784K, used 52163K [0x0000000700000000, 0x0000000800000000)
  region size 2048K, 3 young (6144K), 3 survivors (6144K)
 Metaspace       used 47181K, committed 48512K, reserved 1114112K
  class space    used 6453K, committed 7104K, reserved 1048576K
}
Event: 11.043 GC heap before
{Heap before GC invocations=16 (full 0):
 garbage-first heap   total 118784K, used 101315K [0x0000000700000000, 0x0000000800000000)
  region size 2048K, 28 young (57344K), 3 survivors (6144K)
 Metaspace       used 51286K, committed 52928K, reserved 1114112K
  class space    used 6999K, committed 7808K, reserved 1048576K
}
Event: 11.049 GC heap after
{Heap after GC invocations=17 (full 0):
 garbage-first heap   total 118784K, used 54644K [0x0000000700000000, 0x0000000800000000)
  region size 2048K, 3 young (6144K), 3 survivors (6144K)
 Metaspace       used 51286K, committed 52928K, reserved 1114112K
  class space    used 6999K, committed 7808K, reserved 1048576K
}
Event: 11.403 GC heap before
{Heap before GC invocations=17 (full 0):
 garbage-first heap   total 118784K, used 101748K [0x0000000700000000, 0x0000000800000000)
  region size 2048K, 27 young (55296K), 3 survivors (6144K)
 Metaspace       used 52056K, committed 53696K, reserved 1114112K
  class space    used 7073K, committed 7872K, reserved 1048576K
}
Event: 11.407 GC heap after
{Heap after GC invocations=18 (full 0):
 garbage-first heap   total 118784K, used 55525K [0x0000000700000000, 0x0000000800000000)
  region size 2048K, 2 young (4096K), 2 survivors (4096K)
 Metaspace       used 52056K, committed 53696K, reserved 1114112K
  class space    used 7073K, committed 7872K, reserved 1048576K
}
Event: 11.575 GC heap before
{Heap before GC invocations=18 (full 0):
 garbage-first heap   total 118784K, used 104677K [0x0000000700000000, 0x0000000800000000)
  region size 2048K, 26 young (53248K), 2 survivors (4096K)
 Metaspace       used 52125K, committed 53760K, reserved 1114112K
  class space    used 7073K, committed 7872K, reserved 1048576K
}
Event: 11.577 GC heap after
{Heap after GC invocations=19 (full 0):
 garbage-first heap   total 118784K, used 55368K [0x0000000700000000, 0x0000000800000000)
  region size 2048K, 2 young (4096K), 2 survivors (4096K)
 Metaspace       used 52125K, committed 53760K, reserved 1114112K
  class space    used 7073K, committed 7872K, reserved 1048576K
}

Dll operation events (16 events):
Event: 0.011 Loaded shared library C:\Program Files\Java\jdk-21\bin\java.dll
Event: 0.041 Loaded shared library C:\Program Files\Java\jdk-21\bin\jsvml.dll
Event: 0.092 Loaded shared library C:\Program Files\Java\jdk-21\bin\zip.dll
Event: 0.098 Loaded shared library C:\Program Files\Java\jdk-21\bin\instrument.dll
Event: 0.103 Loaded shared library C:\Program Files\Java\jdk-21\bin\net.dll
Event: 0.105 Loaded shared library C:\Program Files\Java\jdk-21\bin\nio.dll
Event: 0.107 Loaded shared library C:\Program Files\Java\jdk-21\bin\zip.dll
Event: 0.410 Loaded shared library C:\Program Files\Java\jdk-21\bin\jimage.dll
Event: 0.583 Loaded shared library C:\Program Files\Java\jdk-21\bin\verify.dll
Event: 0.743 Loaded shared library C:\Users\Samuel Brambila\.gradle\native\1def1411415f61bf3af743bc5b6707747c0891f09f0c88961ee8f79bc544acac\windows-amd64\native-platform.dll
Event: 0.761 Loaded shared library C:\Users\Samuel Brambila\.gradle\native\0.2.5\x86_64-windows-gnu\gradle-fileevents.dll
Event: 1.872 Loaded shared library C:\Program Files\Java\jdk-21\bin\management.dll
Event: 1.877 Loaded shared library C:\Program Files\Java\jdk-21\bin\management_ext.dll
Event: 2.198 Loaded shared library C:\Program Files\Java\jdk-21\bin\extnet.dll
Event: 2.305 Loaded shared library C:\Program Files\Java\jdk-21\bin\sunmscapi.dll
Event: 3.127 Loaded shared library C:\Users\Samuel Brambila\AppData\Local\Temp\native-platform5417355525161260555dir\gradle-fileevents.dll

Deoptimization events (20 events):
Event: 11.445 Thread 0x000002762233c2f0 Uncommon trap: trap_request=0xffffff45 fr.pc=0x00000275cc2afca0 relative=0x0000000000001e80
Event: 11.445 Thread 0x000002762233c2f0 Uncommon trap: reason=unstable_if action=reinterpret pc=0x00000275cc2afca0 method=org.objectweb.asm.commons.Remapper.mapType(Lorg/objectweb/asm/Type;)Lorg/objectweb/asm/Type; @ 4 c2
Event: 11.445 Thread 0x000002762233c2f0 DEOPT PACKING pc=0x00000275cc2afca0 sp=0x00000090e37f4710
Event: 11.445 Thread 0x000002762233c2f0 DEOPT UNPACKING pc=0x00000275cba046a2 sp=0x00000090e37f4720 mode 2
Event: 11.643 Thread 0x000002762233c2f0 Uncommon trap: trap_request=0xffffff45 fr.pc=0x00000275cc2abe1c relative=0x000000000000071c
Event: 11.643 Thread 0x000002762233c2f0 Uncommon trap: reason=unstable_if action=reinterpret pc=0x00000275cc2abe1c method=org.objectweb.asm.ClassReader.readUtf(II[C)Ljava/lang/String; @ 41 c2
Event: 11.643 Thread 0x000002762233c2f0 DEOPT PACKING pc=0x00000275cc2abe1c sp=0x00000090e37f4890
Event: 11.643 Thread 0x000002762233c2f0 DEOPT UNPACKING pc=0x00000275cba046a2 sp=0x00000090e37f47a8 mode 2
Event: 11.643 Thread 0x000002762233c2f0 Uncommon trap: trap_request=0xffffff3d fr.pc=0x00000275cc258ac0 relative=0x0000000000000d40
Event: 11.643 Thread 0x000002762233c2f0 Uncommon trap: reason=unstable_fused_if action=reinterpret pc=0x00000275cc258ac0 method=org.objectweb.asm.ByteVector.putUTF8(Ljava/lang/String;)Lorg/objectweb/asm/ByteVector; @ 93 c2
Event: 11.643 Thread 0x000002762233c2f0 DEOPT PACKING pc=0x00000275cc258ac0 sp=0x00000090e37f4580
Event: 11.643 Thread 0x000002762233c2f0 DEOPT UNPACKING pc=0x00000275cba046a2 sp=0x00000090e37f44c8 mode 2
Event: 11.666 Thread 0x000002762233c2f0 Uncommon trap: trap_request=0xffffff45 fr.pc=0x00000275cc21e03c relative=0x00000000000005dc
Event: 11.666 Thread 0x000002762233c2f0 Uncommon trap: reason=unstable_if action=reinterpret pc=0x00000275cc21e03c method=org.objectweb.asm.ClassReader.readUtf(II[C)Ljava/lang/String; @ 41 c2
Event: 11.666 Thread 0x000002762233c2f0 DEOPT PACKING pc=0x00000275cc21e03c sp=0x00000090e37f4cd0
Event: 11.666 Thread 0x000002762233c2f0 DEOPT UNPACKING pc=0x00000275cba046a2 sp=0x00000090e37f4c78 mode 2
Event: 11.666 Thread 0x000002762233c2f0 Uncommon trap: trap_request=0xffffff3d fr.pc=0x00000275cc101b88 relative=0x00000000000002a8
Event: 11.666 Thread 0x000002762233c2f0 Uncommon trap: reason=unstable_fused_if action=reinterpret pc=0x00000275cc101b88 method=org.objectweb.asm.ByteVector.putUTF8(Ljava/lang/String;)Lorg/objectweb/asm/ByteVector; @ 93 c2
Event: 11.666 Thread 0x000002762233c2f0 DEOPT PACKING pc=0x00000275cc101b88 sp=0x00000090e37f4980
Event: 11.666 Thread 0x000002762233c2f0 DEOPT UNPACKING pc=0x00000275cba046a2 sp=0x00000090e37f4910 mode 2

Classes loaded (20 events):
Event: 10.721 Loading class java/util/stream/ReduceOps$2
Event: 10.721 Loading class java/util/stream/ReduceOps$2 done
Event: 10.721 Loading class java/util/stream/ReduceOps$2ReducingSink
Event: 10.721 Loading class java/util/stream/ReduceOps$2ReducingSink done
Event: 10.807 Loading class java/util/Collections$SynchronizedRandomAccessList
Event: 10.807 Loading class java/util/Collections$SynchronizedList
Event: 10.808 Loading class java/util/Collections$SynchronizedList done
Event: 10.808 Loading class java/util/Collections$SynchronizedRandomAccessList done
Event: 11.128 Loading class java/nio/charset/UnsupportedCharsetException
Event: 11.128 Loading class java/nio/charset/UnsupportedCharsetException done
Event: 11.131 Loading class java/util/Collections$UnmodifiableSortedMap
Event: 11.132 Loading class java/util/Collections$UnmodifiableSortedMap done
Event: 11.134 Loading class java/util/zip/Deflater
Event: 11.153 Loading class java/util/zip/Deflater done
Event: 11.153 Loading class java/util/zip/Deflater$DeflaterZStreamRef
Event: 11.153 Loading class java/util/zip/Deflater$DeflaterZStreamRef done
Event: 11.157 Loading class java/util/zip/ZipFile$ZipEntryIterator
Event: 11.158 Loading class java/util/zip/ZipFile$ZipEntryIterator done
Event: 11.183 Loading class java/nio/StringCharBuffer
Event: 11.184 Loading class java/nio/StringCharBuffer done

Classes unloaded (0 events):
No events

Classes redefined (0 events):
No events

Internal exceptions (20 events):
Event: 10.687 Thread 0x000002762233c2f0 Exception <a 'java/lang/ClassNotFoundException'{0x0000000705bd7960}: org/gradle/plugin/use/internal/PluginRequestCollector$PluginDependenciesSpecImplCustomizer> (0x0000000705bd7960) 
thrown [s\open\src\hotspot\share\classfile\systemDictionary.cpp, line 312]
Event: 10.688 Thread 0x000002762233c2f0 Exception <a 'java/lang/NoSuchMethodError'{0x0000000705be63d0}: 'java.lang.Object java.lang.invoke.DirectMethodHandle$Holder.invokeVirtual(java.lang.Object, java.lang.Object, java.lang.Object, int)'> (0x0000000705be63d0) 
thrown [s\open\src\hotspot\share\interpreter\linkResolver.cpp, line 773]
Event: 10.688 Thread 0x000002762233c2f0 Implicit null exception at 0x00000275cc091c91 to 0x00000275cc091f30
Event: 10.689 Thread 0x000002762233c2f0 Exception <a 'java/lang/NoSuchMethodError'{0x0000000705beb4a0}: 'int java.lang.invoke.DirectMethodHandle$Holder.invokeSpecial(java.lang.Object, java.lang.Object, java.lang.Object, int)'> (0x0000000705beb4a0) 
thrown [s\open\src\hotspot\share\interpreter\linkResolver.cpp, line 773]
Event: 10.689 Thread 0x000002762233c2f0 Exception <a 'java/lang/NoSuchMethodError'{0x0000000705bfc318}: 'java.lang.Object java.lang.invoke.DirectMethodHandle$Holder.invokeStatic(java.lang.Object, java.lang.Object, java.lang.Object, java.lang.Object, int)'> (0x0000000705bfc318) 
thrown [s\open\src\hotspot\share\interpreter\linkResolver.cpp, line 773]
Event: 10.697 Thread 0x000002762233c2f0 Exception <a 'java/lang/ClassNotFoundException'{0x000000070586ee08}: org/gradle/plugin/use/internal/PluginRequestCollector$PluginDependencySpecImplBeanInfo> (0x000000070586ee08) 
thrown [s\open\src\hotspot\share\classfile\systemDictionary.cpp, line 312]
Event: 10.698 Thread 0x000002762233c2f0 Exception <a 'java/lang/ClassNotFoundException'{0x000000070587ebc0}: org/gradle/plugin/use/internal/PluginRequestCollector$PluginDependencySpecImplCustomizer> (0x000000070587ebc0) 
thrown [s\open\src\hotspot\share\classfile\systemDictionary.cpp, line 312]
Event: 10.705 Thread 0x000002762233c2f0 Exception <a 'java/lang/IncompatibleClassChangeError'{0x0000000705903538}: Found class java.lang.Object, but interface was expected> (0x0000000705903538) 
thrown [s\open\src\hotspot\share\interpreter\linkResolver.cpp, line 840]
Event: 10.757 Thread 0x000002762233c2f0 Exception <a 'sun/nio/fs/WindowsException'{0x00000007056b8090}> (0x00000007056b8090) 
thrown [s\open\src\hotspot\share\prims\jni.cpp, line 520]
Event: 10.757 Thread 0x000002762233c2f0 Exception <a 'sun/nio/fs/WindowsException'{0x00000007056b9de8}> (0x00000007056b9de8) 
thrown [s\open\src\hotspot\share\prims\jni.cpp, line 520]
Event: 10.758 Thread 0x000002762233c2f0 Exception <a 'sun/nio/fs/WindowsException'{0x00000007056bbb30}> (0x00000007056bbb30) 
thrown [s\open\src\hotspot\share\prims\jni.cpp, line 520]
Event: 10.758 Thread 0x000002762233c2f0 Exception <a 'sun/nio/fs/WindowsException'{0x00000007056bd460}> (0x00000007056bd460) 
thrown [s\open\src\hotspot\share\prims\jni.cpp, line 520]
Event: 10.798 Thread 0x000002762233c2f0 Exception <a 'java/lang/NoSuchMethodError'{0x000000070541b588}: 'java.lang.Object java.lang.invoke.Invokers$Holder.invoker(java.lang.Object, java.lang.Object, java.lang.Object, java.lang.Object, java.lang.Object, java.lang.Object)'> (0x000000070541b588) 
thrown [s\open\src\hotspot\share\interpreter\linkResolver.cpp, line 773]
Event: 10.821 Thread 0x000002762233c2f0 Exception <a 'java/lang/NoSuchMethodError'{0x0000000705545fc8}: 'java.lang.Object java.lang.invoke.DirectMethodHandle$Holder.invokeSpecial(java.lang.Object, java.lang.Object, java.lang.Object, java.lang.Object, java.lang.Object, java.lang.Object, java.lang.Object, java.lang.Object, java.lang.Object, java.lang.Object, java.lang.Object, java.lang.Object, java.lang.Object, java.lang.Object, java.lang.Object, java.lang.Object, java.lang.Object, java.lang.Object, java.lang.Object, java.lang.Object, java.lang.Ob
Event: 10.821 Thread 0x000002762233c2f0 Exception <a 'java/lang/NoSuchMethodError'{0x000000070554c8b0}: 'java.lang.Object java.lang.invoke.DelegatingMethodHandle$Holder.reinvoke_L(java.lang.Object, java.lang.Object, java.lang.Object, java.lang.Object, java.lang.Object, java.lang.Object, java.lang.Object, java.lang.Object, java.lang.Object, java.lang.Object, java.lang.Object, java.lang.Object, java.lang.Object, java.lang.Object, java.lang.Object, java.lang.Object, java.lang.Object, java.lang.Object, java.lang.Object, java.lang.Object, java.lang.O
Event: 10.822 Thread 0x000002762233c2f0 Exception <a 'java/lang/NoSuchMethodError'{0x0000000705558288}: 'java.lang.Object java.lang.invoke.Invokers$Holder.invoker(java.lang.Object, java.lang.Object, java.lang.Object, java.lang.Object, java.lang.Object, java.lang.Object, java.lang.Object, java.lang.Object, java.lang.Object, java.lang.Object, java.lang.Object, java.lang.Object, java.lang.Object, java.lang.Object, java.lang.Object, java.lang.Object, java.lang.Object, java.lang.Object, java.lang.Object, java.lang.Object, java.lang.Object, java.lang.
Event: 10.822 Thread 0x000002762233c2f0 Exception <a 'java/lang/NoSuchMethodError'{0x000000070555f420}: 'java.lang.Object java.lang.invoke.DelegatingMethodHandle$Holder.delegate(java.lang.Object, java.lang.Object, java.lang.Object, java.lang.Object, java.lang.Object, java.lang.Object, java.lang.Object, java.lang.Object, java.lang.Object, java.lang.Object, java.lang.Object, java.lang.Object, java.lang.Object, java.lang.Object, java.lang.Object, java.lang.Object, java.lang.Object, java.lang.Object, java.lang.Object, java.lang.Object, java.lang.Obj
Event: 11.115 Thread 0x000002762233c2f0 Exception <a 'sun/nio/fs/WindowsException'{0x0000000706642908}> (0x0000000706642908) 
thrown [s\open\src\hotspot\share\prims\jni.cpp, line 520]
Event: 11.115 Thread 0x000002762233c2f0 Exception <a 'sun/nio/fs/WindowsException'{0x0000000706644748}> (0x0000000706644748) 
thrown [s\open\src\hotspot\share\prims\jni.cpp, line 520]
Event: 11.159 Thread 0x000002762233c2f0 Implicit null exception at 0x00000275cc14d692 to 0x00000275cc14e2a0

ZGC Phase Switch (0 events):
No events

VM Operations (20 events):
Event: 9.689 Executing VM operation: ICBufferFull
Event: 9.689 Executing VM operation: ICBufferFull done
Event: 10.040 Executing VM operation: HandshakeAllThreads (Deoptimize)
Event: 10.040 Executing VM operation: HandshakeAllThreads (Deoptimize) done
Event: 10.041 Executing VM operation: HandshakeAllThreads (Deoptimize)
Event: 10.041 Executing VM operation: HandshakeAllThreads (Deoptimize) done
Event: 10.361 Executing VM operation: G1CollectForAllocation (G1 Evacuation Pause)
Event: 10.368 Executing VM operation: G1CollectForAllocation (G1 Evacuation Pause) done
Event: 11.043 Executing VM operation: G1CollectForAllocation (G1 Evacuation Pause)
Event: 11.049 Executing VM operation: G1CollectForAllocation (G1 Evacuation Pause) done
Event: 11.133 Executing VM operation: HandshakeAllThreads (Deoptimize)
Event: 11.133 Executing VM operation: HandshakeAllThreads (Deoptimize) done
Event: 11.170 Executing VM operation: HandshakeAllThreads (Deoptimize)
Event: 11.170 Executing VM operation: HandshakeAllThreads (Deoptimize) done
Event: 11.195 Executing VM operation: HandshakeAllThreads (Deoptimize)
Event: 11.195 Executing VM operation: HandshakeAllThreads (Deoptimize) done
Event: 11.403 Executing VM operation: G1CollectForAllocation (G1 Evacuation Pause)
Event: 11.407 Executing VM operation: G1CollectForAllocation (G1 Evacuation Pause) done
Event: 11.574 Executing VM operation: G1CollectForAllocation (G1 Evacuation Pause)
Event: 11.578 Executing VM operation: G1CollectForAllocation (G1 Evacuation Pause) done

Events (20 events):
Event: 6.119 Thread 0x00000275db1855c0 flushing nmethod 0x00000275c4645310
Event: 6.119 Thread 0x00000275db1855c0 flushing nmethod 0x00000275c4775b90
Event: 6.119 Thread 0x00000275db1855c0 flushing nmethod 0x00000275c47af710
Event: 6.119 Thread 0x00000275db1855c0 flushing nmethod 0x00000275c48d2f10
Event: 6.119 Thread 0x00000275db1855c0 flushing nmethod 0x00000275c48d5d90
Event: 6.119 Thread 0x00000275db1855c0 flushing nmethod 0x00000275c46c3810
Event: 6.119 Thread 0x00000275db1855c0 flushing nmethod 0x00000275c46c7490
Event: 6.119 Thread 0x00000275db1855c0 flushing nmethod 0x00000275c46c7b90
Event: 6.119 Thread 0x00000275db1855c0 flushing nmethod 0x00000275c484c990
Event: 6.119 Thread 0x00000275db1855c0 flushing nmethod 0x00000275c484f610
Event: 6.168 Thread 0x0000027622a38d40 Thread added: 0x0000027622a38d40
Event: 7.199 Thread 0x0000027622a393d0 Thread added: 0x0000027622a393d0
Event: 7.457 Thread 0x0000027622a3d570 Thread added: 0x0000027622a3d570
Event: 7.482 Thread 0x0000027622a3c1c0 Thread added: 0x0000027622a3c1c0
Event: 8.661 Thread 0x0000027622a3fcd0 Thread added: 0x0000027622a3fcd0
Event: 9.027 Thread 0x0000027622a3f640 Thread added: 0x0000027622a3f640
Event: 9.253 Thread 0x0000027622a3c850 Thread added: 0x0000027622a3c850
Event: 10.384 Thread 0x0000027622a3e920 Thread added: 0x0000027622a3e920
Event: 10.471 Thread 0x0000027622a3cee0 Thread added: 0x0000027622a3cee0
Event: 10.735 Thread 0x0000027622a3e290 Thread added: 0x0000027622a3e290


Dynamic libraries:
0x00007ff7a6dc0000 - 0x00007ff7a6dd0000 	C:\Program Files\Java\jdk-21\bin\java.exe
0x00007ffef9410000 - 0x00007ffef9608000 	C:\Windows\SYSTEM32\ntdll.dll
0x00007ffef77e0000 - 0x00007ffef78a2000 	C:\Windows\System32\KERNEL32.DLL
0x00007ffef6ed0000 - 0x00007ffef71c6000 	C:\Windows\System32\KERNELBASE.dll
0x00007ffef6b90000 - 0x00007ffef6c90000 	C:\Windows\System32\ucrtbase.dll
0x00007ffef24d0000 - 0x00007ffef24eb000 	C:\Program Files\Java\jdk-21\bin\VCRUNTIME140.dll
0x00007ffef24f0000 - 0x00007ffef2509000 	C:\Program Files\Java\jdk-21\bin\jli.dll
0x00007ffef9310000 - 0x00007ffef93c1000 	C:\Windows\System32\ADVAPI32.dll
0x00007ffef89a0000 - 0x00007ffef8a3e000 	C:\Windows\System32\msvcrt.dll
0x00007ffef8320000 - 0x00007ffef83bf000 	C:\Windows\System32\sechost.dll
0x00007ffef8200000 - 0x00007ffef8320000 	C:\Windows\System32\RPCRT4.dll
0x00007ffef7330000 - 0x00007ffef7357000 	C:\Windows\System32\bcrypt.dll
0x00007ffef9170000 - 0x00007ffef930d000 	C:\Windows\System32\USER32.dll
0x00007ffef7410000 - 0x00007ffef7432000 	C:\Windows\System32\win32u.dll
0x00007ffef76d0000 - 0x00007ffef76fb000 	C:\Windows\System32\GDI32.dll
0x00007ffedee70000 - 0x00007ffedf10b000 	C:\Windows\WinSxS\amd64_microsoft.windows.common-controls_6595b64144ccf1df_6.0.19041.6280_none_60bc30a171f2f3f3\COMCTL32.dll
0x00007ffef6d30000 - 0x00007ffef6e49000 	C:\Windows\System32\gdi32full.dll
0x00007ffef6c90000 - 0x00007ffef6d2d000 	C:\Windows\System32\msvcp_win.dll
0x00007ffee4920000 - 0x00007ffee492a000 	C:\Windows\SYSTEM32\VERSION.dll
0x00007ffef80b0000 - 0x00007ffef80df000 	C:\Windows\System32\IMM32.DLL
0x00007ffef52b0000 - 0x00007ffef52bc000 	C:\Program Files\Java\jdk-21\bin\vcruntime140_1.dll
0x00007ffef2280000 - 0x00007ffef230e000 	C:\Program Files\Java\jdk-21\bin\msvcp140.dll
0x00007ffe764d0000 - 0x00007ffe771ed000 	C:\Program Files\Java\jdk-21\bin\server\jvm.dll
0x00007ffef8040000 - 0x00007ffef80ab000 	C:\Windows\System32\WS2_32.dll
0x00007ffef5ff0000 - 0x00007ffef603b000 	C:\Windows\SYSTEM32\POWRPROF.dll
0x00007ffedeb70000 - 0x00007ffedeb97000 	C:\Windows\SYSTEM32\WINMM.dll
0x00007ffef5eb0000 - 0x00007ffef5ec2000 	C:\Windows\SYSTEM32\UMPDC.dll
0x00007ffef52c0000 - 0x00007ffef52d2000 	C:\Windows\SYSTEM32\kernel.appcore.dll
0x00007ffef2550000 - 0x00007ffef255a000 	C:\Program Files\Java\jdk-21\bin\jimage.dll
0x00007ffef5060000 - 0x00007ffef5261000 	C:\Windows\SYSTEM32\DBGHELP.DLL
0x00007ffed3cc0000 - 0x00007ffed3cf4000 	C:\Windows\SYSTEM32\dbgcore.DLL
0x00007ffef6b00000 - 0x00007ffef6b82000 	C:\Windows\System32\bcryptPrimitives.dll
0x00007ffef5040000 - 0x00007ffef504f000 	C:\Program Files\Java\jdk-21\bin\instrument.dll
0x00007ffef23f0000 - 0x00007ffef240f000 	C:\Program Files\Java\jdk-21\bin\java.dll
0x00007ffef78b0000 - 0x00007ffef8020000 	C:\Windows\System32\SHELL32.dll
0x00007ffef47f0000 - 0x00007ffef4f94000 	C:\Windows\SYSTEM32\windows.storage.dll
0x00007ffef8450000 - 0x00007ffef87a3000 	C:\Windows\System32\combase.dll
0x00007ffef64e0000 - 0x00007ffef650b000 	C:\Windows\SYSTEM32\Wldp.dll
0x00007ffef7700000 - 0x00007ffef77cd000 	C:\Windows\System32\OLEAUT32.dll
0x00007ffef8c50000 - 0x00007ffef8cfd000 	C:\Windows\System32\SHCORE.dll
0x00007ffef8a40000 - 0x00007ffef8a9b000 	C:\Windows\System32\shlwapi.dll
0x00007ffef69e0000 - 0x00007ffef6a04000 	C:\Windows\SYSTEM32\profapi.dll
0x00007ffecf600000 - 0x00007ffecf6d7000 	C:\Program Files\Java\jdk-21\bin\jsvml.dll
0x00007ffef2240000 - 0x00007ffef2258000 	C:\Program Files\Java\jdk-21\bin\zip.dll
0x00007ffef2380000 - 0x00007ffef2390000 	C:\Program Files\Java\jdk-21\bin\net.dll
0x00007ffeee430000 - 0x00007ffeee53a000 	C:\Windows\SYSTEM32\WINHTTP.dll
0x00007ffef6240000 - 0x00007ffef62aa000 	C:\Windows\system32\mswsock.dll
0x00007ffef2260000 - 0x00007ffef2276000 	C:\Program Files\Java\jdk-21\bin\nio.dll
0x00007ffedb750000 - 0x00007ffedb760000 	C:\Program Files\Java\jdk-21\bin\verify.dll
0x00007ffecf110000 - 0x00007ffecf137000 	C:\Users\Samuel Brambila\.gradle\native\1def1411415f61bf3af743bc5b6707747c0891f09f0c88961ee8f79bc544acac\windows-amd64\native-platform.dll
0x0000000069490000 - 0x0000000069503000 	C:\Users\Samuel Brambila\.gradle\native\0.2.5\x86_64-windows-gnu\gradle-fileevents.dll
0x00007ffef2210000 - 0x00007ffef221a000 	C:\Program Files\Java\jdk-21\bin\management.dll
0x00007ffef2200000 - 0x00007ffef220b000 	C:\Program Files\Java\jdk-21\bin\management_ext.dll
0x00007ffef7590000 - 0x00007ffef7598000 	C:\Windows\System32\PSAPI.DLL
0x00007ffef6440000 - 0x00007ffef6458000 	C:\Windows\SYSTEM32\CRYPTSP.dll
0x00007ffef5af0000 - 0x00007ffef5b28000 	C:\Windows\system32\rsaenh.dll
0x00007ffef6960000 - 0x00007ffef698e000 	C:\Windows\SYSTEM32\USERENV.dll
0x00007ffef6430000 - 0x00007ffef643c000 	C:\Windows\SYSTEM32\CRYPTBASE.dll
0x00007ffef5ed0000 - 0x00007ffef5f0b000 	C:\Windows\SYSTEM32\IPHLPAPI.DLL
0x00007ffef74a0000 - 0x00007ffef74a8000 	C:\Windows\System32\NSI.dll
0x00007ffef2230000 - 0x00007ffef2239000 	C:\Program Files\Java\jdk-21\bin\extnet.dll
0x00007ffef2220000 - 0x00007ffef222e000 	C:\Program Files\Java\jdk-21\bin\sunmscapi.dll
0x00007ffef71d0000 - 0x00007ffef732d000 	C:\Windows\System32\CRYPT32.dll
0x00007ffef6550000 - 0x00007ffef6577000 	C:\Windows\SYSTEM32\ncrypt.dll
0x00007ffef6510000 - 0x00007ffef654b000 	C:\Windows\SYSTEM32\NTASN1.dll
0x00007ffed3be0000 - 0x00007ffed3be7000 	C:\Windows\system32\wshunix.dll
0x0000000069410000 - 0x0000000069483000 	C:\Users\Samuel Brambila\AppData\Local\Temp\native-platform5417355525161260555dir\gradle-fileevents.dll
0x00007ffef5d40000 - 0x00007ffef5d73000 	C:\Windows\SYSTEM32\ntmarta.dll

dbghelp: loaded successfully - version: 4.0.5 - missing functions: none
symbol engine: initialized successfully - sym options: 0x614 - pdb path: .;C:\Program Files\Java\jdk-21\bin;C:\Windows\SYSTEM32;C:\Windows\WinSxS\amd64_microsoft.windows.common-controls_6595b64144ccf1df_6.0.19041.6280_none_60bc30a171f2f3f3;C:\Program Files\Java\jdk-21\bin\server;C:\Users\Samuel Brambila\.gradle\native\1def1411415f61bf3af743bc5b6707747c0891f09f0c88961ee8f79bc544acac\windows-amd64;C:\Users\Samuel Brambila\.gradle\native\0.2.5\x86_64-windows-gnu;C:\Users\Samuel Brambila\AppData\Local\Temp\native-platform5417355525161260555dir

VM Arguments:
jvm_args: --add-opens=java.base/java.lang=ALL-UNNAMED --add-opens=java.base/java.lang.invoke=ALL-UNNAMED --add-opens=java.base/java.util=ALL-UNNAMED --add-opens=java.prefs/java.util.prefs=ALL-UNNAMED --add-exports=jdk.compiler/com.sun.tools.javac.api=ALL-UNNAMED --add-exports=jdk.compiler/com.sun.tools.javac.util=ALL-UNNAMED --add-opens=java.base/java.util=ALL-UNNAMED --add-opens=java.prefs/java.util.prefs=ALL-UNNAMED --add-opens=java.base/java.nio.charset=ALL-UNNAMED --add-opens=java.base/java.net=ALL-UNNAMED --add-opens=java.base/java.util.concurrent.atomic=ALL-UNNAMED --add-opens=java.xml/javax.xml.namespace=ALL-UNNAMED -XX:MaxMetaspaceSize=2G -XX:+HeapDumpOnOutOfMemoryError -Xmx4G -Dfile.encoding=UTF-8 -Duser.country=MX -Duser.language=es -Duser.variant -javaagent:C:\Users\Samuel Brambila\.gradle\wrapper\dists\gradle-8.12-all\ejduaidbjup3bmmkhw3rie4zb\gradle-8.12\lib\agents\gradle-instrumentation-agent-8.12.jar 
java_command: org.gradle.launcher.daemon.bootstrap.GradleDaemon 8.12
java_class_path (initial): C:\Users\Samuel Brambila\.gradle\wrapper\dists\gradle-8.12-all\ejduaidbjup3bmmkhw3rie4zb\gradle-8.12\lib\gradle-daemon-main-8.12.jar
Launcher Type: SUN_STANDARD

[Global flags]
     intx CICompilerCount                          = 4                                         {product} {ergonomic}
     uint ConcGCThreads                            = 2                                         {product} {ergonomic}
     uint G1ConcRefinementThreads                  = 8                                         {product} {ergonomic}
   size_t G1HeapRegionSize                         = 2097152                                   {product} {ergonomic}
    uintx GCDrainStackTargetSize                   = 64                                        {product} {ergonomic}
     bool HeapDumpOnOutOfMemoryError               = true                                   {manageable} {command line}
   size_t InitialHeapSize                          = 132120576                                 {product} {ergonomic}
   size_t MarkStackSize                            = 4194304                                   {product} {ergonomic}
   size_t MaxHeapSize                              = 4294967296                                {product} {command line}
   size_t MaxMetaspaceSize                         = 2147483648                                {product} {command line}
   size_t MaxNewSize                               = 2575302656                                {product} {ergonomic}
   size_t MinHeapDeltaBytes                        = 2097152                                   {product} {ergonomic}
   size_t MinHeapSize                              = 8388608                                   {product} {ergonomic}
    uintx NonNMethodCodeHeapSize                   = 5839372                                {pd product} {ergonomic}
    uintx NonProfiledCodeHeapSize                  = 122909434                              {pd product} {ergonomic}
    uintx ProfiledCodeHeapSize                     = 122909434                              {pd product} {ergonomic}
    uintx ReservedCodeCacheSize                    = 251658240                              {pd product} {ergonomic}
     bool SegmentedCodeCache                       = true                                      {product} {ergonomic}
   size_t SoftMaxHeapSize                          = 4294967296                             {manageable} {ergonomic}
     bool UseCompressedOops                        = true                           {product lp64_product} {ergonomic}
     bool UseG1GC                                  = true                                      {product} {ergonomic}
     bool UseLargePagesIndividualAllocation        = false                                  {pd product} {ergonomic}

Logging:
Log output configuration:
 #0: stdout all=warning uptime,level,tags foldmultilines=false
 #1: stderr all=off uptime,level,tags foldmultilines=false

Environment Variables:
PATH=C:\Program Files\Common Files\Oracle\Java\javapath;C:\Program Files (x86)\Razer Chroma SDK\bin;C:\Program Files\Razer Chroma SDK\bin;C:\Program Files (x86)\Razer\ChromaBroadcast\bin;C:\Program Files\Razer\ChromaBroadcast\bin;C:\Program Files (x86)\Common Files\Oracle\Java\javapath;C:\Windows\system32;C:\Windows;C:\Windows\System32\Wbem;C:\Windows\System32\WindowsPowerShell\v1.0\;C:\Windows\System32\OpenSSH\;C:\Program Files\MATLAB\R2024b\bin;C:\Program Files\MATLAB\R2023b\bin;C:\Windows\system32\config\systemprofile\AppData\Local\Microsoft\WindowsApps;C:\Program Files\Maven\apache-maven-3.9.11\bin;C:\Users\Samuel Brambila\AppData\Local\Programs\Python\Python313\Scripts\;C:\Users\Samuel Brambila\AppData\Local\Programs\Python\Python313\;C:\Wincupl\WINCUPL\EXE;C:\Wincupl\WINCUPL\FITTERS;C:\Users\Samuel Brambila\AppData\Local\Programs\Microsoft VS Code\bin
USERNAME=Samuel Brambila
OS=Windows_NT
PROCESSOR_IDENTIFIER=Intel64 Family 6 Model 142 Stepping 10, GenuineIntel
TMP=C:\Users\SAMUEL~1\AppData\Local\Temp
TEMP=C:\Users\SAMUEL~1\AppData\Local\Temp




Periodic native trim disabled

---------------  S Y S T E M  ---------------

OS:
 Windows 10 , 64 bit Build 19041 (10.0.19041.5915)
OS uptime: 9 days 16:25 hours

CPU: total 8 (initial active 8) (4 cores per cpu, 2 threads per core) family 6 model 142 stepping 10 microcode 0xf4, cx8, cmov, fxsr, ht, mmx, 3dnowpref, sse, sse2, sse3, ssse3, sse4.1, sse4.2, popcnt, lzcnt, tsc, tscinvbit, avx, avx2, aes, erms, clmul, bmi1, bmi2, adx, fma, vzeroupper, clflush, clflushopt, rdtscp, f16c
Processor Information for all 8 processors :
  Max Mhz: 2301, Current Mhz: 2301, Mhz Limit: 2301

Memory: 4k page, system-wide physical 8038M (165M free)
TotalPageFile size 26001M (AvailPageFile size 1M)
current process WorkingSet (physical memory assigned to process): 298M, peak: 300M
current process commit charge ("private bytes"): 340M, peak: 342M

vm_info: Java HotSpot(TM) 64-Bit Server VM (21.0.8+12-LTS-250) for windows-amd64 JRE (21.0.8+12-LTS-250), built on 2025-06-27T08:11:22Z by "mach5one" with MS VC++ 17.6 (VS2022)

END.
